{"C:\\Users\\cajs0\\Desktop\\WorkSpace\\ISTEA\\Lab. App webs\\2025\\1C-A-2025\\e-commerce\\src\\index.js": {"path":"C:\\Users\\cajs0\\Desktop\\WorkSpace\\ISTEA\\Lab. App webs\\2025\\1C-A-2025\\e-commerce\\src\\index.js","statementMap":{"0":{"start":{"line":5,"column":0},"end":{"line":5,"column":13}},"1":{"start":{"line":7,"column":0},"end":{"line":7,"column":84}},"2":{"start":{"line":7,"column":46},"end":{"line":7,"column":84}},"3":{"start":{"line":9,"column":0},"end":{"line":9,"column":17}},"4":{"start":{"line":10,"column":0},"end":{"line":10,"column":14}}},"fnMap":{},"branchMap":{"0":{"loc":{"start":{"line":7,"column":0},"end":{"line":7,"column":84}},"type":"if","locations":[{"start":{"line":7,"column":0},"end":{"line":7,"column":84}},{"start":{},"end":{}}],"line":7}},"s":{"0":0,"1":0,"2":0,"3":0,"4":0},"f":{},"b":{"0":[0,0]}}
,"C:\\Users\\cajs0\\Desktop\\WorkSpace\\ISTEA\\Lab. App webs\\2025\\1C-A-2025\\e-commerce\\src\\api\\api.js": {"path":"C:\\Users\\cajs0\\Desktop\\WorkSpace\\ISTEA\\Lab. App webs\\2025\\1C-A-2025\\e-commerce\\src\\api\\api.js","statementMap":{"0":{"start":{"line":2,"column":14},"end":{"line":4,"column":23}},"1":{"start":{"line":3,"column":17},"end":{"line":3,"column":27}},"2":{"start":{"line":4,"column":18},"end":{"line":4,"column":22}},"3":{"start":{"line":6,"column":1},"end":{"line":6,"column":15}}},"fnMap":{"0":{"name":"getProducts","decl":{"start":{"line":1,"column":22},"end":{"line":1,"column":33}},"loc":{"start":{"line":1,"column":36},"end":{"line":7,"column":1}},"line":1},"1":{"name":"(anonymous_1)","decl":{"start":{"line":3,"column":8},"end":{"line":3,"column":9}},"loc":{"start":{"line":3,"column":17},"end":{"line":3,"column":27}},"line":3},"2":{"name":"(anonymous_2)","decl":{"start":{"line":4,"column":8},"end":{"line":4,"column":9}},"loc":{"start":{"line":4,"column":18},"end":{"line":4,"column":22}},"line":4}},"branchMap":{},"s":{"0":0,"1":0,"2":0,"3":0},"f":{"0":0,"1":0,"2":0},"b":{}}
,"C:\\Users\\cajs0\\Desktop\\WorkSpace\\ISTEA\\Lab. App webs\\2025\\1C-A-2025\\e-commerce\\src\\app\\addTocart.js": {"path":"C:\\Users\\cajs0\\Desktop\\WorkSpace\\ISTEA\\Lab. App webs\\2025\\1C-A-2025\\e-commerce\\src\\app\\addTocart.js","statementMap":{},"fnMap":{},"branchMap":{},"s":{},"f":{},"b":{}}
,"C:\\Users\\cajs0\\Desktop\\WorkSpace\\ISTEA\\Lab. App webs\\2025\\1C-A-2025\\e-commerce\\src\\app\\cards.js": {"path":"C:\\Users\\cajs0\\Desktop\\WorkSpace\\ISTEA\\Lab. App webs\\2025\\1C-A-2025\\e-commerce\\src\\app\\cards.js","statementMap":{"0":{"start":{"line":5,"column":12},"end":{"line":5,"column":54}},"1":{"start":{"line":7,"column":1},"end":{"line":29,"column":4}},"2":{"start":{"line":8,"column":2},"end":{"line":11,"column":4}},"3":{"start":{"line":10,"column":3},"end":{"line":10,"column":24}},"4":{"start":{"line":12,"column":2},"end":{"line":12,"column":20}},"5":{"start":{"line":13,"column":2},"end":{"line":28,"column":5}},"6":{"start":{"line":14,"column":22},"end":{"line":25,"column":19}},"7":{"start":{"line":27,"column":3},"end":{"line":27,"column":34}}},"fnMap":{"0":{"name":"createCard","decl":{"start":{"line":4,"column":16},"end":{"line":4,"column":26}},"loc":{"start":{"line":4,"column":29},"end":{"line":30,"column":1}},"line":4},"1":{"name":"(anonymous_1)","decl":{"start":{"line":7,"column":20},"end":{"line":7,"column":21}},"loc":{"start":{"line":7,"column":30},"end":{"line":29,"column":2}},"line":7},"2":{"name":"(anonymous_2)","decl":{"start":{"line":8,"column":30},"end":{"line":8,"column":31}},"loc":{"start":{"line":8,"column":43},"end":{"line":11,"column":3}},"line":8},"3":{"name":"(anonymous_3)","decl":{"start":{"line":13,"column":11},"end":{"line":13,"column":12}},"loc":{"start":{"line":13,"column":18},"end":{"line":28,"column":3}},"line":13}},"branchMap":{},"s":{"0":0,"1":0,"2":0,"3":0,"4":0,"5":0,"6":0,"7":0},"f":{"0":0,"1":0,"2":0,"3":0},"b":{}}
,"C:\\Users\\cajs0\\Desktop\\WorkSpace\\ISTEA\\Lab. App webs\\2025\\1C-A-2025\\e-commerce\\src\\app\\carrito.js": {"path":"C:\\Users\\cajs0\\Desktop\\WorkSpace\\ISTEA\\Lab. App webs\\2025\\1C-A-2025\\e-commerce\\src\\app\\carrito.js","statementMap":{"0":{"start":{"line":5,"column":17},"end":{"line":5,"column":58}},"1":{"start":{"line":6,"column":1},"end":{"line":6,"column":26}},"2":{"start":{"line":7,"column":14},"end":{"line":7,"column":57}},"3":{"start":{"line":9,"column":1},"end":{"line":61,"column":4}},"4":{"start":{"line":10,"column":21},"end":{"line":30,"column":35}},"5":{"start":{"line":32,"column":2},"end":{"line":32,"column":38}},"6":{"start":{"line":33,"column":2},"end":{"line":42,"column":4}},"7":{"start":{"line":34,"column":13},"end":{"line":34,"column":30}},"8":{"start":{"line":35,"column":20},"end":{"line":35,"column":61}},"9":{"start":{"line":36,"column":3},"end":{"line":36,"column":29}},"10":{"start":{"line":37,"column":3},"end":{"line":37,"column":30}},"11":{"start":{"line":39,"column":22},"end":{"line":39,"column":65}},"12":{"start":{"line":40,"column":3},"end":{"line":40,"column":31}},"13":{"start":{"line":41,"column":3},"end":{"line":41,"column":59}},"14":{"start":{"line":44,"column":2},"end":{"line":53,"column":4}},"15":{"start":{"line":45,"column":13},"end":{"line":45,"column":31}},"16":{"start":{"line":46,"column":20},"end":{"line":46,"column":61}},"17":{"start":{"line":47,"column":3},"end":{"line":47,"column":29}},"18":{"start":{"line":48,"column":3},"end":{"line":48,"column":30}},"19":{"start":{"line":50,"column":22},"end":{"line":50,"column":65}},"20":{"start":{"line":51,"column":3},"end":{"line":51,"column":31}},"21":{"start":{"line":52,"column":3},"end":{"line":52,"column":59}},"22":{"start":{"line":55,"column":2},"end":{"line":60,"column":4}},"23":{"start":{"line":56,"column":3},"end":{"line":56,"column":20}},"24":{"start":{"line":57,"column":21},"end":{"line":57,"column":63}},"25":{"start":{"line":58,"column":3},"end":{"line":58,"column":38}},"26":{"start":{"line":59,"column":3},"end":{"line":59,"column":63}}},"fnMap":{"0":{"name":"seccionCarrito","decl":{"start":{"line":4,"column":16},"end":{"line":4,"column":30}},"loc":{"start":{"line":4,"column":33},"end":{"line":62,"column":1}},"line":4},"1":{"name":"(anonymous_1)","decl":{"start":{"line":9,"column":16},"end":{"line":9,"column":17}},"loc":{"start":{"line":9,"column":23},"end":{"line":61,"column":2}},"line":9},"2":{"name":"(anonymous_2)","decl":{"start":{"line":33,"column":25},"end":{"line":33,"column":26}},"loc":{"start":{"line":33,"column":35},"end":{"line":42,"column":3}},"line":33},"3":{"name":"(anonymous_3)","decl":{"start":{"line":44,"column":25},"end":{"line":44,"column":26}},"loc":{"start":{"line":44,"column":35},"end":{"line":53,"column":3}},"line":44},"4":{"name":"(anonymous_4)","decl":{"start":{"line":55,"column":24},"end":{"line":55,"column":25}},"loc":{"start":{"line":55,"column":34},"end":{"line":60,"column":3}},"line":55}},"branchMap":{},"s":{"0":0,"1":0,"2":0,"3":0,"4":0,"5":0,"6":0,"7":0,"8":0,"9":0,"10":0,"11":0,"12":0,"13":0,"14":0,"15":0,"16":0,"17":0,"18":0,"19":0,"20":0,"21":0,"22":0,"23":0,"24":0,"25":0,"26":0},"f":{"0":0,"1":0,"2":0,"3":0,"4":0},"b":{}}
,"C:\\Users\\cajs0\\Desktop\\WorkSpace\\ISTEA\\Lab. App webs\\2025\\1C-A-2025\\e-commerce\\src\\app\\modal.js": {"path":"C:\\Users\\cajs0\\Desktop\\WorkSpace\\ISTEA\\Lab. App webs\\2025\\1C-A-2025\\e-commerce\\src\\app\\modal.js","statementMap":{"0":{"start":{"line":6,"column":22},"end":{"line":6,"column":64}},"1":{"start":{"line":8,"column":1},"end":{"line":12,"column":3}},"2":{"start":{"line":9,"column":2},"end":{"line":9,"column":20}},"3":{"start":{"line":10,"column":2},"end":{"line":10,"column":19}},"4":{"start":{"line":11,"column":2},"end":{"line":11,"column":27}},"5":{"start":{"line":13,"column":1},"end":{"line":13,"column":31}},"6":{"start":{"line":14,"column":17},"end":{"line":40,"column":23}},"7":{"start":{"line":42,"column":1},"end":{"line":42,"column":38}},"8":{"start":{"line":43,"column":17},"end":{"line":43,"column":52}},"9":{"start":{"line":44,"column":1},"end":{"line":44,"column":16}}},"fnMap":{"0":{"name":"createModal","decl":{"start":{"line":5,"column":16},"end":{"line":5,"column":27}},"loc":{"start":{"line":5,"column":37},"end":{"line":45,"column":1}},"line":5},"1":{"name":"(anonymous_1)","decl":{"start":{"line":8,"column":26},"end":{"line":8,"column":27}},"loc":{"start":{"line":8,"column":36},"end":{"line":12,"column":2}},"line":8}},"branchMap":{},"s":{"0":0,"1":0,"2":0,"3":0,"4":0,"5":0,"6":0,"7":0,"8":0,"9":0},"f":{"0":0,"1":0},"b":{}}
,"C:\\Users\\cajs0\\Desktop\\WorkSpace\\ISTEA\\Lab. App webs\\2025\\1C-A-2025\\e-commerce\\src\\utils\\cartUtils.js": {"path":"C:\\Users\\cajs0\\Desktop\\WorkSpace\\ISTEA\\Lab. App webs\\2025\\1C-A-2025\\e-commerce\\src\\utils\\cartUtils.js","statementMap":{"0":{"start":{"line":3,"column":1},"end":{"line":5,"column":2}},"1":{"start":{"line":4,"column":2},"end":{"line":4,"column":45}},"2":{"start":{"line":7,"column":25},"end":{"line":7,"column":68}},"3":{"start":{"line":7,"column":45},"end":{"line":7,"column":67}},"4":{"start":{"line":9,"column":1},"end":{"line":13,"column":2}},"5":{"start":{"line":10,"column":2},"end":{"line":10,"column":102}},"6":{"start":{"line":10,"column":29},"end":{"line":10,"column":99}},"7":{"start":{"line":12,"column":2},"end":{"line":12,"column":46}},"8":{"start":{"line":17,"column":1},"end":{"line":17,"column":53}},"9":{"start":{"line":17,"column":30},"end":{"line":17,"column":51}},"10":{"start":{"line":21,"column":1},"end":{"line":23,"column":2}},"11":{"start":{"line":22,"column":2},"end":{"line":22,"column":48}},"12":{"start":{"line":25,"column":1},"end":{"line":25,"column":94}},"13":{"start":{"line":25,"column":28},"end":{"line":25,"column":91}},"14":{"start":{"line":29,"column":1},"end":{"line":31,"column":7}},"15":{"start":{"line":30,"column":2},"end":{"line":30,"column":44}},"16":{"start":{"line":35,"column":1},"end":{"line":35,"column":63}},"17":{"start":{"line":35,"column":37},"end":{"line":35,"column":58}}},"fnMap":{"0":{"name":"addProductToCart","decl":{"start":{"line":2,"column":16},"end":{"line":2,"column":32}},"loc":{"start":{"line":2,"column":48},"end":{"line":14,"column":1}},"line":2},"1":{"name":"(anonymous_1)","decl":{"start":{"line":7,"column":35},"end":{"line":7,"column":36}},"loc":{"start":{"line":7,"column":45},"end":{"line":7,"column":67}},"line":7},"2":{"name":"(anonymous_2)","decl":{"start":{"line":10,"column":18},"end":{"line":10,"column":19}},"loc":{"start":{"line":10,"column":29},"end":{"line":10,"column":99}},"line":10},"3":{"name":"removeProductFromCart","decl":{"start":{"line":16,"column":16},"end":{"line":16,"column":37}},"loc":{"start":{"line":16,"column":55},"end":{"line":18,"column":1}},"line":16},"4":{"name":"(anonymous_4)","decl":{"start":{"line":17,"column":20},"end":{"line":17,"column":21}},"loc":{"start":{"line":17,"column":30},"end":{"line":17,"column":51}},"line":17},"5":{"name":"updateProductQuantity","decl":{"start":{"line":20,"column":16},"end":{"line":20,"column":37}},"loc":{"start":{"line":20,"column":68},"end":{"line":26,"column":1}},"line":20},"6":{"name":"(anonymous_6)","decl":{"start":{"line":25,"column":17},"end":{"line":25,"column":18}},"loc":{"start":{"line":25,"column":28},"end":{"line":25,"column":91}},"line":25},"7":{"name":"calculateCartTotal","decl":{"start":{"line":28,"column":16},"end":{"line":28,"column":34}},"loc":{"start":{"line":28,"column":41},"end":{"line":32,"column":1}},"line":28},"8":{"name":"(anonymous_8)","decl":{"start":{"line":29,"column":20},"end":{"line":29,"column":21}},"loc":{"start":{"line":29,"column":37},"end":{"line":31,"column":2}},"line":29},"9":{"name":"getCartItemCount","decl":{"start":{"line":34,"column":16},"end":{"line":34,"column":32}},"loc":{"start":{"line":34,"column":39},"end":{"line":36,"column":1}},"line":34},"10":{"name":"(anonymous_10)","decl":{"start":{"line":35,"column":20},"end":{"line":35,"column":21}},"loc":{"start":{"line":35,"column":37},"end":{"line":35,"column":58}},"line":35}},"branchMap":{"0":{"loc":{"start":{"line":3,"column":1},"end":{"line":5,"column":2}},"type":"if","locations":[{"start":{"line":3,"column":1},"end":{"line":5,"column":2}},{"start":{},"end":{}}],"line":3},"1":{"loc":{"start":{"line":3,"column":5},"end":{"line":3,"column":28}},"type":"binary-expr","locations":[{"start":{"line":3,"column":5},"end":{"line":3,"column":13}},{"start":{"line":3,"column":17},"end":{"line":3,"column":28}}],"line":3},"2":{"loc":{"start":{"line":9,"column":1},"end":{"line":13,"column":2}},"type":"if","locations":[{"start":{"line":9,"column":1},"end":{"line":13,"column":2}},{"start":{"line":11,"column":8},"end":{"line":13,"column":2}}],"line":9},"3":{"loc":{"start":{"line":10,"column":29},"end":{"line":10,"column":99}},"type":"cond-expr","locations":[{"start":{"line":10,"column":54},"end":{"line":10,"column":92}},{"start":{"line":10,"column":95},"end":{"line":10,"column":99}}],"line":10},"4":{"loc":{"start":{"line":21,"column":1},"end":{"line":23,"column":2}},"type":"if","locations":[{"start":{"line":21,"column":1},"end":{"line":23,"column":2}},{"start":{},"end":{}}],"line":21},"5":{"loc":{"start":{"line":25,"column":28},"end":{"line":25,"column":91}},"type":"cond-expr","locations":[{"start":{"line":25,"column":52},"end":{"line":25,"column":84}},{"start":{"line":25,"column":87},"end":{"line":25,"column":91}}],"line":25}},"s":{"0":0,"1":0,"2":0,"3":0,"4":0,"5":0,"6":0,"7":0,"8":0,"9":0,"10":0,"11":0,"12":0,"13":0,"14":0,"15":0,"16":0,"17":0},"f":{"0":0,"1":0,"2":0,"3":0,"4":0,"5":0,"6":0,"7":0,"8":0,"9":0,"10":0},"b":{"0":[0,0],"1":[0,0],"2":[0,0],"3":[0,0],"4":[0,0],"5":[0,0]}}
,"C:\\Users\\cajs0\\Desktop\\WorkSpace\\ISTEA\\Lab. App webs\\2025\\1C-A-2025\\e-commerce\\src\\utils\\filterUtils.js": {"path":"C:\\Users\\cajs0\\Desktop\\WorkSpace\\ISTEA\\Lab. App webs\\2025\\1C-A-2025\\e-commerce\\src\\utils\\filterUtils.js","statementMap":{"0":{"start":{"line":3,"column":1},"end":{"line":5,"column":2}},"1":{"start":{"line":4,"column":2},"end":{"line":4,"column":12}},"2":{"start":{"line":7,"column":21},"end":{"line":7,"column":45}},"3":{"start":{"line":8,"column":1},"end":{"line":10,"column":4}},"4":{"start":{"line":9,"column":2},"end":{"line":9,"column":59}}},"fnMap":{"0":{"name":"filterProducts","decl":{"start":{"line":2,"column":16},"end":{"line":2,"column":30}},"loc":{"start":{"line":2,"column":53},"end":{"line":11,"column":1}},"line":2},"1":{"name":"(anonymous_1)","decl":{"start":{"line":8,"column":24},"end":{"line":8,"column":25}},"loc":{"start":{"line":8,"column":37},"end":{"line":10,"column":2}},"line":8}},"branchMap":{"0":{"loc":{"start":{"line":3,"column":1},"end":{"line":5,"column":2}},"type":"if","locations":[{"start":{"line":3,"column":1},"end":{"line":5,"column":2}},{"start":{},"end":{}}],"line":3},"1":{"loc":{"start":{"line":3,"column":5},"end":{"line":3,"column":42}},"type":"binary-expr","locations":[{"start":{"line":3,"column":5},"end":{"line":3,"column":14}},{"start":{"line":3,"column":18},"end":{"line":3,"column":42}}],"line":3}},"s":{"0":1,"1":0,"2":1,"3":1,"4":3},"f":{"0":1,"1":3},"b":{"0":[0,1],"1":[1,1]},"_coverageSchema":"1a1c01bbd47fc00a2c39e90264f33305004495a9","hash":"a7f8d7ea1f6def9587e2cb3a64dd18864774fb79"}
,"C:\\Users\\cajs0\\Desktop\\WorkSpace\\ISTEA\\Lab. App webs\\2025\\1C-A-2025\\e-commerce\\src\\utils\\inputFilter.js": {"path":"C:\\Users\\cajs0\\Desktop\\WorkSpace\\ISTEA\\Lab. App webs\\2025\\1C-A-2025\\e-commerce\\src\\utils\\inputFilter.js","statementMap":{"0":{"start":{"line":4,"column":13},"end":{"line":4,"column":52}},"1":{"start":{"line":7,"column":12},"end":{"line":7,"column":31}},"2":{"start":{"line":9,"column":1},"end":{"line":34,"column":4}},"3":{"start":{"line":10,"column":14},"end":{"line":10,"column":42}},"4":{"start":{"line":12,"column":17},"end":{"line":12,"column":59}},"5":{"start":{"line":13,"column":2},"end":{"line":13,"column":26}},"6":{"start":{"line":15,"column":16},"end":{"line":15,"column":43}},"7":{"start":{"line":17,"column":2},"end":{"line":33,"column":5}},"8":{"start":{"line":18,"column":22},"end":{"line":30,"column":19}},"9":{"start":{"line":32,"column":3},"end":{"line":32,"column":38}}},"fnMap":{"0":{"name":"filterInput","decl":{"start":{"line":6,"column":22},"end":{"line":6,"column":33}},"loc":{"start":{"line":6,"column":36},"end":{"line":35,"column":1}},"line":6},"1":{"name":"(anonymous_1)","decl":{"start":{"line":9,"column":34},"end":{"line":9,"column":35}},"loc":{"start":{"line":9,"column":41},"end":{"line":34,"column":2}},"line":9},"2":{"name":"(anonymous_2)","decl":{"start":{"line":17,"column":18},"end":{"line":17,"column":19}},"loc":{"start":{"line":17,"column":25},"end":{"line":33,"column":3}},"line":17}},"branchMap":{},"s":{"0":0,"1":0,"2":0,"3":0,"4":0,"5":0,"6":0,"7":0,"8":0,"9":0},"f":{"0":0,"1":0,"2":0},"b":{}}
,"C:\\Users\\cajs0\\Desktop\\WorkSpace\\ISTEA\\Lab. App webs\\2025\\1C-A-2025\\e-commerce\\src\\utils\\modalUtils.js": {"path":"C:\\Users\\cajs0\\Desktop\\WorkSpace\\ISTEA\\Lab. App webs\\2025\\1C-A-2025\\e-commerce\\src\\utils\\modalUtils.js","statementMap":{"0":{"start":{"line":3,"column":1},"end":{"line":5,"column":2}},"1":{"start":{"line":4,"column":2},"end":{"line":4,"column":41}},"2":{"start":{"line":7,"column":1},"end":{"line":9,"column":2}},"3":{"start":{"line":8,"column":2},"end":{"line":8,"column":63}},"4":{"start":{"line":11,"column":1},"end":{"line":37,"column":10}},"5":{"start":{"line":42,"column":1},"end":{"line":44,"column":2}},"6":{"start":{"line":43,"column":2},"end":{"line":43,"column":53}},"7":{"start":{"line":46,"column":1},"end":{"line":48,"column":2}},"8":{"start":{"line":47,"column":2},"end":{"line":47,"column":67}},"9":{"start":{"line":50,"column":1},"end":{"line":50,"column":47}}},"fnMap":{"0":{"name":"generateModalHTML","decl":{"start":{"line":2,"column":16},"end":{"line":2,"column":33}},"loc":{"start":{"line":2,"column":43},"end":{"line":38,"column":1}},"line":2},"1":{"name":"calculateDiscountedPrice","decl":{"start":{"line":41,"column":16},"end":{"line":41,"column":40}},"loc":{"start":{"line":41,"column":68},"end":{"line":51,"column":1}},"line":41}},"branchMap":{"0":{"loc":{"start":{"line":3,"column":1},"end":{"line":5,"column":2}},"type":"if","locations":[{"start":{"line":3,"column":1},"end":{"line":5,"column":2}},{"start":{},"end":{}}],"line":3},"1":{"loc":{"start":{"line":7,"column":1},"end":{"line":9,"column":2}},"type":"if","locations":[{"start":{"line":7,"column":1},"end":{"line":9,"column":2}},{"start":{},"end":{}}],"line":7},"2":{"loc":{"start":{"line":7,"column":5},"end":{"line":7,"column":55}},"type":"binary-expr","locations":[{"start":{"line":7,"column":5},"end":{"line":7,"column":19}},{"start":{"line":7,"column":23},"end":{"line":7,"column":37}},{"start":{"line":7,"column":41},"end":{"line":7,"column":55}}],"line":7},"3":{"loc":{"start":{"line":26,"column":39},"end":{"line":26,"column":79}},"type":"binary-expr","locations":[{"start":{"line":26,"column":39},"end":{"line":26,"column":58}},{"start":{"line":26,"column":62},"end":{"line":26,"column":79}}],"line":26},"4":{"loc":{"start":{"line":42,"column":1},"end":{"line":44,"column":2}},"type":"if","locations":[{"start":{"line":42,"column":1},"end":{"line":44,"column":2}},{"start":{},"end":{}}],"line":42},"5":{"loc":{"start":{"line":42,"column":5},"end":{"line":42,"column":43}},"type":"binary-expr","locations":[{"start":{"line":42,"column":5},"end":{"line":42,"column":30}},{"start":{"line":42,"column":34},"end":{"line":42,"column":43}}],"line":42},"6":{"loc":{"start":{"line":46,"column":1},"end":{"line":48,"column":2}},"type":"if","locations":[{"start":{"line":46,"column":1},"end":{"line":48,"column":2}},{"start":{},"end":{}}],"line":46},"7":{"loc":{"start":{"line":46,"column":5},"end":{"line":46,"column":97}},"type":"binary-expr","locations":[{"start":{"line":46,"column":5},"end":{"line":46,"column":43}},{"start":{"line":46,"column":47},"end":{"line":46,"column":69}},{"start":{"line":46,"column":73},"end":{"line":46,"column":97}}],"line":46}},"s":{"0":0,"1":0,"2":0,"3":0,"4":0,"5":0,"6":0,"7":0,"8":0,"9":0},"f":{"0":0,"1":0},"b":{"0":[0,0],"1":[0,0],"2":[0,0,0],"3":[0,0],"4":[0,0],"5":[0,0],"6":[0,0],"7":[0,0,0]}}
,"C:\\Users\\cajs0\\Desktop\\WorkSpace\\ISTEA\\Lab. App webs\\2025\\1C-A-2025\\e-commerce\\src\\utils\\notificacion.js": {"path":"C:\\Users\\cajs0\\Desktop\\WorkSpace\\ISTEA\\Lab. App webs\\2025\\1C-A-2025\\e-commerce\\src\\utils\\notificacion.js","statementMap":{"0":{"start":{"line":2,"column":18},"end":{"line":2,"column":47}},"1":{"start":{"line":3,"column":1},"end":{"line":3,"column":30}},"2":{"start":{"line":4,"column":1},"end":{"line":4,"column":44}},"3":{"start":{"line":5,"column":1},"end":{"line":5,"column":40}},"4":{"start":{"line":6,"column":1},"end":{"line":6,"column":49}},"5":{"start":{"line":7,"column":1},"end":{"line":7,"column":46}},"6":{"start":{"line":9,"column":1},"end":{"line":9,"column":48}},"7":{"start":{"line":11,"column":1},"end":{"line":17,"column":16}},"8":{"start":{"line":19,"column":24},"end":{"line":19,"column":66}},"9":{"start":{"line":20,"column":1},"end":{"line":20,"column":38}},"10":{"start":{"line":22,"column":17},"end":{"line":26,"column":3}},"11":{"start":{"line":27,"column":1},"end":{"line":27,"column":16}},"12":{"start":{"line":29,"column":1},"end":{"line":31,"column":4}},"13":{"start":{"line":30,"column":2},"end":{"line":30,"column":20}}},"fnMap":{"0":{"name":"createNotification","decl":{"start":{"line":1,"column":16},"end":{"line":1,"column":34}},"loc":{"start":{"line":1,"column":92},"end":{"line":32,"column":1}},"line":1},"1":{"name":"(anonymous_1)","decl":{"start":{"line":29,"column":46},"end":{"line":29,"column":47}},"loc":{"start":{"line":29,"column":52},"end":{"line":31,"column":2}},"line":29}},"branchMap":{"0":{"loc":{"start":{"line":1,"column":41},"end":{"line":1,"column":71}},"type":"default-arg","locations":[{"start":{"line":1,"column":51},"end":{"line":1,"column":71}}],"line":1},"1":{"loc":{"start":{"line":1,"column":73},"end":{"line":1,"column":90}},"type":"default-arg","locations":[{"start":{"line":1,"column":81},"end":{"line":1,"column":90}}],"line":1}},"s":{"0":0,"1":0,"2":0,"3":0,"4":0,"5":0,"6":0,"7":0,"8":0,"9":0,"10":0,"11":0,"12":0,"13":0},"f":{"0":0,"1":0},"b":{"0":[0],"1":[0]}}
,"C:\\Users\\cajs0\\Desktop\\WorkSpace\\ISTEA\\Lab. App webs\\2025\\1C-A-2025\\e-commerce\\src\\utils\\update.js": {"path":"C:\\Users\\cajs0\\Desktop\\WorkSpace\\ISTEA\\Lab. App webs\\2025\\1C-A-2025\\e-commerce\\src\\utils\\update.js","statementMap":{"0":{"start":{"line":3,"column":14},"end":{"line":3,"column":45}},"1":{"start":{"line":4,"column":1},"end":{"line":4,"column":29}},"2":{"start":{"line":6,"column":15},"end":{"line":6,"column":56}},"3":{"start":{"line":6,"column":39},"end":{"line":6,"column":55}},"4":{"start":{"line":7,"column":1},"end":{"line":12,"column":2}},"5":{"start":{"line":8,"column":2},"end":{"line":8,"column":20}},"6":{"start":{"line":9,"column":2},"end":{"line":9,"column":20}},"7":{"start":{"line":11,"column":2},"end":{"line":11,"column":29}},"8":{"start":{"line":14,"column":1},"end":{"line":14,"column":57}},"9":{"start":{"line":16,"column":1},"end":{"line":16,"column":53}},"10":{"start":{"line":16,"column":21},"end":{"line":16,"column":53}},"11":{"start":{"line":21,"column":14},"end":{"line":21,"column":45}},"12":{"start":{"line":22,"column":1},"end":{"line":22,"column":29}},"13":{"start":{"line":24,"column":15},"end":{"line":24,"column":56}},"14":{"start":{"line":24,"column":39},"end":{"line":24,"column":55}},"15":{"start":{"line":26,"column":1},"end":{"line":26,"column":28}},"16":{"start":{"line":28,"column":1},"end":{"line":28,"column":57}},"17":{"start":{"line":30,"column":1},"end":{"line":30,"column":33}},"18":{"start":{"line":34,"column":14},"end":{"line":34,"column":45}},"19":{"start":{"line":35,"column":1},"end":{"line":35,"column":29}},"20":{"start":{"line":37,"column":15},"end":{"line":37,"column":56}},"21":{"start":{"line":37,"column":39},"end":{"line":37,"column":55}},"22":{"start":{"line":39,"column":1},"end":{"line":39,"column":27}},"23":{"start":{"line":41,"column":1},"end":{"line":41,"column":57}}},"fnMap":{"0":{"name":"sumQttyProd","decl":{"start":{"line":1,"column":16},"end":{"line":1,"column":27}},"loc":{"start":{"line":1,"column":34},"end":{"line":17,"column":1}},"line":1},"1":{"name":"(anonymous_1)","decl":{"start":{"line":6,"column":32},"end":{"line":6,"column":33}},"loc":{"start":{"line":6,"column":39},"end":{"line":6,"column":55}},"line":6},"2":{"name":"restQttyProd","decl":{"start":{"line":19,"column":16},"end":{"line":19,"column":28}},"loc":{"start":{"line":19,"column":35},"end":{"line":31,"column":1}},"line":19},"3":{"name":"(anonymous_3)","decl":{"start":{"line":24,"column":32},"end":{"line":24,"column":33}},"loc":{"start":{"line":24,"column":39},"end":{"line":24,"column":55}},"line":24},"4":{"name":"deleteProd","decl":{"start":{"line":33,"column":16},"end":{"line":33,"column":26}},"loc":{"start":{"line":33,"column":33},"end":{"line":42,"column":1}},"line":33},"5":{"name":"(anonymous_5)","decl":{"start":{"line":37,"column":32},"end":{"line":37,"column":33}},"loc":{"start":{"line":37,"column":39},"end":{"line":37,"column":55}},"line":37}},"branchMap":{"0":{"loc":{"start":{"line":7,"column":1},"end":{"line":12,"column":2}},"type":"if","locations":[{"start":{"line":7,"column":1},"end":{"line":12,"column":2}},{"start":{"line":10,"column":8},"end":{"line":12,"column":2}}],"line":7},"1":{"loc":{"start":{"line":16,"column":1},"end":{"line":16,"column":53}},"type":"if","locations":[{"start":{"line":16,"column":1},"end":{"line":16,"column":53}},{"start":{},"end":{}}],"line":16}},"s":{"0":0,"1":0,"2":0,"3":0,"4":0,"5":0,"6":0,"7":0,"8":0,"9":0,"10":0,"11":0,"12":0,"13":0,"14":0,"15":0,"16":0,"17":0,"18":0,"19":0,"20":0,"21":0,"22":0,"23":0},"f":{"0":0,"1":0,"2":0,"3":0,"4":0,"5":0},"b":{"0":[0,0],"1":[0,0]}}
}
