TN:
SF:src\index.js
FNF:0
FNH:0
DA:5,0
DA:7,0
DA:9,0
DA:10,0
LF:4
LH:0
BRDA:7,0,0,0
BRDA:7,0,1,0
BRF:2
BRH:0
end_of_record
TN:
SF:src\api\api.js
FN:1,getProducts
FN:3,(anonymous_1)
FN:4,(anonymous_2)
FNF:3
FNH:0
FNDA:0,getProducts
FNDA:0,(anonymous_1)
FNDA:0,(anonymous_2)
DA:2,0
DA:3,0
DA:4,0
DA:6,0
LF:4
LH:0
BRF:0
BRH:0
end_of_record
TN:
SF:src\app\addTocart.js
FNF:0
FNH:0
LF:0
LH:0
BRF:0
BRH:0
end_of_record
TN:
SF:src\app\cards.js
FN:4,createCard
FN:7,(anonymous_1)
FN:8,(anonymous_2)
FN:13,(anonymous_3)
FNF:4
FNH:0
FNDA:0,createCard
FNDA:0,(anonymous_1)
FNDA:0,(anonymous_2)
FNDA:0,(anonymous_3)
DA:5,0
DA:7,0
DA:8,0
DA:10,0
DA:12,0
DA:13,0
DA:14,0
DA:27,0
LF:8
LH:0
BRF:0
BRH:0
end_of_record
TN:
SF:src\app\carrito.js
FN:4,seccionCarrito
FN:9,(anonymous_1)
FN:33,(anonymous_2)
FN:44,(anonymous_3)
FN:55,(anonymous_4)
FNF:5
FNH:0
FNDA:0,seccionCarrito
FNDA:0,(anonymous_1)
FNDA:0,(anonymous_2)
FNDA:0,(anonymous_3)
FNDA:0,(anonymous_4)
DA:5,0
DA:6,0
DA:7,0
DA:9,0
DA:10,0
DA:32,0
DA:33,0
DA:34,0
DA:35,0
DA:36,0
DA:37,0
DA:39,0
DA:40,0
DA:41,0
DA:44,0
DA:45,0
DA:46,0
DA:47,0
DA:48,0
DA:50,0
DA:51,0
DA:52,0
DA:55,0
DA:56,0
DA:57,0
DA:58,0
DA:59,0
LF:27
LH:0
BRF:0
BRH:0
end_of_record
TN:
SF:src\app\modal.js
FN:5,createModal
FN:8,(anonymous_1)
FNF:2
FNH:0
FNDA:0,createModal
FNDA:0,(anonymous_1)
DA:6,0
DA:8,0
DA:9,0
DA:10,0
DA:11,0
DA:13,0
DA:14,0
DA:42,0
DA:43,0
DA:44,0
LF:10
LH:0
BRF:0
BRH:0
end_of_record
TN:
SF:src\utils\cartUtils.js
FN:2,addProductToCart
FN:7,(anonymous_1)
FN:10,(anonymous_2)
FN:16,removeProductFromCart
FN:17,(anonymous_4)
FN:20,updateProductQuantity
FN:25,(anonymous_6)
FN:28,calculateCartTotal
FN:29,(anonymous_8)
FN:34,getCartItemCount
FN:35,(anonymous_10)
FNF:11
FNH:0
FNDA:0,addProductToCart
FNDA:0,(anonymous_1)
FNDA:0,(anonymous_2)
FNDA:0,removeProductFromCart
FNDA:0,(anonymous_4)
FNDA:0,updateProductQuantity
FNDA:0,(anonymous_6)
FNDA:0,calculateCartTotal
FNDA:0,(anonymous_8)
FNDA:0,getCartItemCount
FNDA:0,(anonymous_10)
DA:3,0
DA:4,0
DA:7,0
DA:9,0
DA:10,0
DA:12,0
DA:17,0
DA:21,0
DA:22,0
DA:25,0
DA:29,0
DA:30,0
DA:35,0
LF:13
LH:0
BRDA:3,0,0,0
BRDA:3,0,1,0
BRDA:3,1,0,0
BRDA:3,1,1,0
BRDA:9,2,0,0
BRDA:9,2,1,0
BRDA:10,3,0,0
BRDA:10,3,1,0
BRDA:21,4,0,0
BRDA:21,4,1,0
BRDA:25,5,0,0
BRDA:25,5,1,0
BRF:12
BRH:0
end_of_record
TN:
SF:src\utils\filterUtils.js
FN:2,filterProducts
FN:8,(anonymous_1)
FNF:2
FNH:2
FNDA:1,filterProducts
FNDA:3,(anonymous_1)
DA:3,1
DA:4,0
DA:7,1
DA:8,1
DA:9,3
LF:5
LH:4
BRDA:3,0,0,0
BRDA:3,0,1,1
BRDA:3,1,0,1
BRDA:3,1,1,1
BRF:4
BRH:3
end_of_record
TN:
SF:src\utils\inputFilter.js
FN:6,filterInput
FN:9,(anonymous_1)
FN:17,(anonymous_2)
FNF:3
FNH:0
FNDA:0,filterInput
FNDA:0,(anonymous_1)
FNDA:0,(anonymous_2)
DA:4,0
DA:7,0
DA:9,0
DA:10,0
DA:12,0
DA:13,0
DA:15,0
DA:17,0
DA:18,0
DA:32,0
LF:10
LH:0
BRF:0
BRH:0
end_of_record
TN:
SF:src\utils\modalUtils.js
FN:2,generateModalHTML
FN:41,calculateDiscountedPrice
FNF:2
FNH:0
FNDA:0,generateModalHTML
FNDA:0,calculateDiscountedPrice
DA:3,0
DA:4,0
DA:7,0
DA:8,0
DA:11,0
DA:42,0
DA:43,0
DA:46,0
DA:47,0
DA:50,0
LF:10
LH:0
BRDA:3,0,0,0
BRDA:3,0,1,0
BRDA:7,1,0,0
BRDA:7,1,1,0
BRDA:7,2,0,0
BRDA:7,2,1,0
BRDA:7,2,2,0
BRDA:26,3,0,0
BRDA:26,3,1,0
BRDA:42,4,0,0
BRDA:42,4,1,0
BRDA:42,5,0,0
BRDA:42,5,1,0
BRDA:46,6,0,0
BRDA:46,6,1,0
BRDA:46,7,0,0
BRDA:46,7,1,0
BRDA:46,7,2,0
BRF:18
BRH:0
end_of_record
TN:
SF:src\utils\notificacion.js
FN:1,createNotification
FN:29,(anonymous_1)
FNF:2
FNH:0
FNDA:0,createNotification
FNDA:0,(anonymous_1)
DA:2,0
DA:3,0
DA:4,0
DA:5,0
DA:6,0
DA:7,0
DA:9,0
DA:11,0
DA:19,0
DA:20,0
DA:22,0
DA:27,0
DA:29,0
DA:30,0
LF:14
LH:0
BRDA:1,0,0,0
BRDA:1,1,0,0
BRF:2
BRH:0
end_of_record
TN:
SF:src\utils\update.js
FN:1,sumQttyProd
FN:6,(anonymous_1)
FN:19,restQttyProd
FN:24,(anonymous_3)
FN:33,deleteProd
FN:37,(anonymous_5)
FNF:6
FNH:0
FNDA:0,sumQttyProd
FNDA:0,(anonymous_1)
FNDA:0,restQttyProd
FNDA:0,(anonymous_3)
FNDA:0,deleteProd
FNDA:0,(anonymous_5)
DA:3,0
DA:4,0
DA:6,0
DA:7,0
DA:8,0
DA:9,0
DA:11,0
DA:14,0
DA:16,0
DA:21,0
DA:22,0
DA:24,0
DA:26,0
DA:28,0
DA:30,0
DA:34,0
DA:35,0
DA:37,0
DA:39,0
DA:41,0
LF:20
LH:0
BRDA:7,0,0,0
BRDA:7,0,1,0
BRDA:16,1,0,0
BRDA:16,1,1,0
BRF:4
BRH:0
end_of_record
